# JRE version: OpenJDK Runtime Environment Temurin-21.0.11+10 (21.0.11+10) (build 21.0.11+10-LTS)
# Java VM: OpenJDK 64-Bit Server VM Temurin-21.0.11+10 (21.0.11+10-LTS, mixed mode, sharing, tiered, compressed oops, compressed class ptrs, parallel gc, windows-amd64)
GC Precious Log:
 CardTable entry size: 512
 CPUs: 8 total, 8 available
 Memory: 5877M
 Large Page Support: Disabled
 NUMA Support: Disabled
 Compressed Oops: Enabled (32-bit)
 Alignments: Space 512K, Generation 512K, Heap 2M
 Heap Min Capacity: 100M
 Heap Initial Capacity: 100M
 Heap Max Capacity: 2G
 Pre-touch: Disabled
 Parallel Workers: 8
Heap:
 PSYoungGen      total 22016K, used 21243K [0x00000000d5580000, 0x00000000d6f00000, 0x0000000100000000)
  eden space 20480K, 96% used [0x00000000d5580000,0x00000000d68e2cc8,0x00000000d6980000)
  from space 1536K, 90% used [0x00000000d6c80000,0x00000000d6ddc040,0x00000000d6e00000)
  to   space 1024K, 0% used [0x00000000d6e00000,0x00000000d6e00000,0x00000000d6f00000)
 ParOldGen       total 87552K, used 74376K [0x0000000080000000, 0x0000000085580000, 0x00000000d5580000)
  object space 87552K, 84% used [0x0000000080000000,0x00000000848a2218,0x0000000085580000)
 Metaspace       used 62485K, committed 64000K, reserved 1114112K
  class space    used 6653K, committed 7296K, reserved 1048576K
GC Heap History (20 events):
Event: 26.040 GC heap before
{Heap before GC invocations=61 (full 2):
 PSYoungGen      total 20992K, used 20976K [0x00000000d5580000, 0x00000000d6b80000, 0x0000000100000000)
  eden space 20480K, 100% used [0x00000000d5580000,0x00000000d6980000,0x00000000d6980000)
  from space 512K, 96% used [0x00000000d6b00000,0x00000000d6b7c010,0x00000000d6b80000)
  to   space 1024K, 0% used [0x00000000d6980000,0x00000000d6980000,0x00000000d6a80000)
 ParOldGen       total 78336K, used 78223K [0x0000000080000000, 0x0000000084c80000, 0x00000000d5580000)
  object space 78336K, 99% used [0x0000000080000000,0x0000000084c63eb0,0x0000000084c80000)
 Metaspace       used 54276K, committed 55680K, reserved 1114112K
  class space    used 5808K, committed 6400K, reserved 1048576K
}
Event: 26.047 GC heap after
{Heap after GC invocations=61 (full 2):
 PSYoungGen      total 21504K, used 992K [0x00000000d5580000, 0x00000000d7980000, 0x0000000100000000)
  eden space 20480K, 0% used [0x00000000d5580000,0x00000000d5580000,0x00000000d6980000)
  from space 1024K, 96% used [0x00000000d6980000,0x00000000d6a78020,0x00000000d6a80000)
  to   space 8192K, 0% used [0x00000000d7180000,0x00000000d7180000,0x00000000d7980000)
 ParOldGen       total 84480K, used 84267K [0x0000000080000000, 0x0000000085280000, 0x00000000d5580000)
  object space 84480K, 99% used [0x0000000080000000,0x000000008524af90,0x0000000085280000)
 Metaspace       used 54276K, committed 55680K, reserved 1114112K
  class space    used 5808K, committed 6400K, reserved 1048576K
}
Event: 26.660 GC heap before
{Heap before GC invocations=62 (full 2):
 PSYoungGen      total 21504K, used 21472K [0x00000000d5580000, 0x00000000d7980000, 0x0000000100000000)
  eden space 20480K, 100% used [0x00000000d5580000,0x00000000d6980000,0x00000000d6980000)
  from space 1024K, 96% used [0x00000000d6980000,0x00000000d6a78020,0x00000000d6a80000)
  to   space 8192K, 0% used [0x00000000d7180000,0x00000000d7180000,0x00000000d7980000)
 ParOldGen       total 84480K, used 84267K [0x0000000080000000, 0x0000000085280000, 0x00000000d5580000)
  object space 84480K, 99% used [0x0000000080000000,0x000000008524af90,0x0000000085280000)
 Metaspace       used 55814K, committed 57280K, reserved 1114112K
  class space    used 5976K, committed 6592K, reserved 1048576K
}
Event: 26.665 GC heap after
{Heap after GC invocations=62 (full 2):
 PSYoungGen      total 22016K, used 1355K [0x00000000d5580000, 0x00000000d7300000, 0x0000000100000000)
  eden space 20480K, 0% used [0x00000000d5580000,0x00000000d5580000,0x00000000d6980000)
  from space 1536K, 88% used [0x00000000d7180000,0x00000000d72d2e58,0x00000000d7300000)
  to   space 3584K, 0% used [0x00000000d6c00000,0x00000000d6c00000,0x00000000d6f80000)
 ParOldGen       total 85504K, used 85291K [0x0000000080000000, 0x0000000085380000, 0x00000000d5580000)
  object space 85504K, 99% used [0x0000000080000000,0x000000008534afc0,0x0000000085380000)
 Metaspace       used 55814K, committed 57280K, reserved 1114112K
  class space    used 5976K, committed 6592K, reserved 1048576K
}
Event: 27.275 GC heap before
{Heap before GC invocations=63 (full 2):
 PSYoungGen      total 22016K, used 21835K [0x00000000d5580000, 0x00000000d7300000, 0x0000000100000000)
  eden space 20480K, 100% used [0x00000000d5580000,0x00000000d6980000,0x00000000d6980000)
  from space 1536K, 88% used [0x00000000d7180000,0x00000000d72d2e58,0x00000000d7300000)
  to   space 3584K, 0% used [0x00000000d6c00000,0x00000000d6c00000,0x00000000d6f80000)
 ParOldGen       total 85504K, used 85291K [0x0000000080000000, 0x0000000085380000, 0x00000000d5580000)
  object space 85504K, 99% used [0x0000000080000000,0x000000008534afc0,0x0000000085380000)
 Metaspace       used 56677K, committed 58176K, reserved 1114112K
  class space    used 6086K, committed 6720K, reserved 1048576K
}
Event: 27.278 GC heap after
{Heap after GC invocations=63 (full 2):
 PSYoungGen      total 24064K, used 576K [0x00000000d5580000, 0x00000000d7200000, 0x0000000100000000)
  eden space 20480K, 0% used [0x00000000d5580000,0x00000000d5580000,0x00000000d6980000)
  from space 3584K, 16% used [0x00000000d6c00000,0x00000000d6c90020,0x00000000d6f80000)
  to   space 1536K, 0% used [0x00000000d7080000,0x00000000d7080000,0x00000000d7200000)
 ParOldGen       total 86528K, used 86515K [0x0000000080000000, 0x0000000085480000, 0x00000000d5580000)
  object space 86528K, 99% used [0x0000000080000000,0x000000008547cc70,0x0000000085480000)
 Metaspace       used 56677K, committed 58176K, reserved 1114112K
  class space    used 6086K, committed 6720K, reserved 1048576K
}
Event: 28.417 GC heap before
{Heap before GC invocations=64 (full 2):
 PSYoungGen      total 24064K, used 20998K [0x00000000d5580000, 0x00000000d7200000, 0x0000000100000000)
  eden space 20480K, 99% used [0x00000000d5580000,0x00000000d6971ac0,0x00000000d6980000)
  from space 3584K, 16% used [0x00000000d6c00000,0x00000000d6c90020,0x00000000d6f80000)
  to   space 1536K, 0% used [0x00000000d7080000,0x00000000d7080000,0x00000000d7200000)
 ParOldGen       total 86528K, used 86515K [0x0000000080000000, 0x0000000085480000, 0x00000000d5580000)
  object space 86528K, 99% used [0x0000000080000000,0x000000008547cc70,0x0000000085480000)
 Metaspace       used 57923K, committed 59392K, reserved 1114112K
  class space    used 6217K, committed 6848K, reserved 1048576K
}
Event: 28.419 GC heap after
{Heap after GC invocations=64 (full 2):
 PSYoungGen      total 20992K, used 416K [0x00000000d5580000, 0x00000000d7100000, 0x0000000100000000)
  eden space 20480K, 0% used [0x00000000d5580000,0x00000000d5580000,0x00000000d6980000)
  from space 512K, 81% used [0x00000000d7080000,0x00000000d70e8000,0x00000000d7100000)
  to   space 1024K, 0% used [0x00000000d6f00000,0x00000000d6f00000,0x00000000d7000000)
 ParOldGen       total 87040K, used 86819K [0x0000000080000000, 0x0000000085500000, 0x00000000d5580000)
  object space 87040K, 99% used [0x0000000080000000,0x00000000854c8c90,0x0000000085500000)
 Metaspace       used 57923K, committed 59392K, reserved 1114112K
  class space    used 6217K, committed 6848K, reserved 1048576K
}
Event: 28.711 GC heap before
{Heap before GC invocations=65 (full 2):
 PSYoungGen      total 20992K, used 7979K [0x00000000d5580000, 0x00000000d7100000, 0x0000000100000000)
  eden space 20480K, 36% used [0x00000000d5580000,0x00000000d5ce2fc0,0x00000000d6980000)
  from space 512K, 81% used [0x00000000d7080000,0x00000000d70e8000,0x00000000d7100000)
  to   space 1024K, 0% used [0x00000000d6f00000,0x00000000d6f00000,0x00000000d7000000)
 ParOldGen       total 87040K, used 86819K [0x0000000080000000, 0x0000000085500000, 0x00000000d5580000)
  object space 87040K, 99% used [0x0000000080000000,0x00000000854c8c90,0x0000000085500000)
 Metaspace       used 58284K, committed 59776K, reserved 1114112K
  class space    used 6259K, committed 6912K, reserved 1048576K
}
Event: 28.716 GC heap after
{Heap after GC invocations=65 (full 2):
 PSYoungGen      total 21504K, used 224K [0x00000000d5580000, 0x00000000d7100000, 0x0000000100000000)
  eden space 20480K, 0% used [0x00000000d5580000,0x00000000d5580000,0x00000000d6980000)
  from space 1024K, 21% used [0x00000000d6f00000,0x00000000d6f38000,0x00000000d7000000)
  to   space 512K, 0% used [0x00000000d7080000,0x00000000d7080000,0x00000000d7100000)
 ParOldGen       total 87552K, used 87131K [0x0000000080000000, 0x0000000085580000, 0x00000000d5580000)
  object space 87552K, 99% used [0x0000000080000000,0x0000000085516c90,0x0000000085580000)
 Metaspace       used 58284K, committed 59776K, reserved 1114112K
  class space    used 6259K, committed 6912K, reserved 1048576K
}
Event: 28.716 GC heap before
{Heap before GC invocations=66 (full 3):
 PSYoungGen      total 21504K, used 224K [0x00000000d5580000, 0x00000000d7100000, 0x0000000100000000)
  eden space 20480K, 0% used [0x00000000d5580000,0x00000000d5580000,0x00000000d6980000)
  from space 1024K, 21% used [0x00000000d6f00000,0x00000000d6f38000,0x00000000d7000000)
  to   space 512K, 0% used [0x00000000d7080000,0x00000000d7080000,0x00000000d7100000)
 ParOldGen       total 87552K, used 87131K [0x0000000080000000, 0x0000000085580000, 0x00000000d5580000)
  object space 87552K, 99% used [0x0000000080000000,0x0000000085516c90,0x0000000085580000)
 Metaspace       used 58284K, committed 59776K, reserved 1114112K
  class space    used 6259K, committed 6912K, reserved 1048576K
}
Event: 28.933 GC heap after
{Heap after GC invocations=66 (full 3):
 PSYoungGen      total 21504K, used 0K [0x00000000d5580000, 0x00000000d7100000, 0x0000000100000000)
  eden space 20480K, 0% used [0x00000000d5580000,0x00000000d5580000,0x00000000d6980000)
  from space 1024K, 0% used [0x00000000d6f00000,0x00000000d6f00000,0x00000000d7000000)
  to   space 512K, 0% used [0x00000000d7080000,0x00000000d7080000,0x00000000d7100000)
 ParOldGen       total 87552K, used 69351K [0x0000000080000000, 0x0000000085580000, 0x00000000d5580000)
  object space 87552K, 79% used [0x0000000080000000,0x00000000843b9e18,0x0000000085580000)
 Metaspace       used 58277K, committed 59776K, reserved 1114112K
  class space    used 6257K, committed 6912K, reserved 1048576K
}
Event: 29.502 GC heap before
{Heap before GC invocations=67 (full 3):
 PSYoungGen      total 21504K, used 20480K [0x00000000d5580000, 0x00000000d7100000, 0x0000000100000000)
  eden space 20480K, 100% used [0x00000000d5580000,0x00000000d6980000,0x00000000d6980000)
  from space 1024K, 0% used [0x00000000d6f00000,0x00000000d6f00000,0x00000000d7000000)
  to   space 512K, 0% used [0x00000000d7080000,0x00000000d7080000,0x00000000d7100000)
 ParOldGen       total 87552K, used 69351K [0x0000000080000000, 0x0000000085580000, 0x00000000d5580000)
  object space 87552K, 79% used [0x0000000080000000,0x00000000843b9fb0,0x0000000085580000)
 Metaspace       used 59403K, committed 60928K, reserved 1114112K
  class space    used 6381K, committed 7040K, reserved 1048576K
}
Event: 29.510 GC heap after
{Heap after GC invocations=67 (full 3):
 PSYoungGen      total 20992K, used 512K [0x00000000d5580000, 0x00000000d7100000, 0x0000000100000000)
  eden space 20480K, 0% used [0x00000000d5580000,0x00000000d5580000,0x00000000d6980000)
  from space 512K, 100% used [0x00000000d7080000,0x00000000d7100000,0x00000000d7100000)
  to   space 3072K, 0% used [0x00000000d6b00000,0x00000000d6b00000,0x00000000d6e00000)
 ParOldGen       total 87552K, used 71391K [0x0000000080000000, 0x0000000085580000, 0x00000000d5580000)
  object space 87552K, 81% used [0x0000000080000000,0x00000000845b7fc0,0x0000000085580000)
 Metaspace       used 59403K, committed 60928K, reserved 1114112K
  class space    used 6381K, committed 7040K, reserved 1048576K
}
Event: 30.105 GC heap before
{Heap before GC invocations=68 (full 3):
 PSYoungGen      total 20992K, used 20992K [0x00000000d5580000, 0x00000000d7100000, 0x0000000100000000)
  eden space 20480K, 100% used [0x00000000d5580000,0x00000000d6980000,0x00000000d6980000)
  from space 512K, 100% used [0x00000000d7080000,0x00000000d7100000,0x00000000d7100000)
  to   space 3072K, 0% used [0x00000000d6b00000,0x00000000d6b00000,0x00000000d6e00000)
 ParOldGen       total 87552K, used 71396K [0x0000000080000000, 0x0000000085580000, 0x00000000d5580000)
  object space 87552K, 81% used [0x0000000080000000,0x00000000845b9000,0x0000000085580000)
 Metaspace       used 60689K, committed 62272K, reserved 1114112K
  class space    used 6507K, committed 7168K, reserved 1048576K
}
Event: 30.108 GC heap after
{Heap after GC invocations=68 (full 3):
 PSYoungGen      total 23552K, used 2378K [0x00000000d5580000, 0x00000000d7100000, 0x0000000100000000)
  eden space 20480K, 0% used [0x00000000d5580000,0x00000000d5580000,0x00000000d6980000)
  from space 3072K, 77% used [0x00000000d6b00000,0x00000000d6d528a0,0x00000000d6e00000)
  to   space 2560K, 0% used [0x00000000d6e80000,0x00000000d6e80000,0x00000000d7100000)
 ParOldGen       total 87552K, used 71916K [0x0000000080000000, 0x0000000085580000, 0x00000000d5580000)
  object space 87552K, 82% used [0x0000000080000000,0x000000008463b000,0x0000000085580000)
 Metaspace       used 60689K, committed 62272K, reserved 1114112K
  class space    used 6507K, committed 7168K, reserved 1048576K
}
Event: 30.330 GC heap before
{Heap before GC invocations=69 (full 3):
 PSYoungGen      total 23552K, used 22858K [0x00000000d5580000, 0x00000000d7100000, 0x0000000100000000)
  eden space 20480K, 100% used [0x00000000d5580000,0x00000000d6980000,0x00000000d6980000)
  from space 3072K, 77% used [0x00000000d6b00000,0x00000000d6d528a0,0x00000000d6e00000)
  to   space 2560K, 0% used [0x00000000d6e80000,0x00000000d6e80000,0x00000000d7100000)
 ParOldGen       total 87552K, used 71916K [0x0000000080000000, 0x0000000085580000, 0x00000000d5580000)
  object space 87552K, 82% used [0x0000000080000000,0x000000008463b000,0x0000000085580000)
 Metaspace       used 60707K, committed 62272K, reserved 1114112K
  class space    used 6507K, committed 7168K, reserved 1048576K
}
Event: 30.333 GC heap after
{Heap after GC invocations=69 (full 3):
 PSYoungGen      total 21504K, used 979K [0x00000000d5580000, 0x00000000d6f80000, 0x0000000100000000)
  eden space 20480K, 0% used [0x00000000d5580000,0x00000000d5580000,0x00000000d6980000)
  from space 1024K, 95% used [0x00000000d6e80000,0x00000000d6f74e00,0x00000000d6f80000)
  to   space 1536K, 0% used [0x00000000d6c80000,0x00000000d6c80000,0x00000000d6e00000)
 ParOldGen       total 87552K, used 74094K [0x0000000080000000, 0x0000000085580000, 0x00000000d5580000)
  object space 87552K, 84% used [0x0000000080000000,0x000000008485bb28,0x0000000085580000)
 Metaspace       used 60707K, committed 62272K, reserved 1114112K
  class space    used 6507K, committed 7168K, reserved 1048576K
}
Event: 34.879 GC heap before
{Heap before GC invocations=70 (full 3):
 PSYoungGen      total 21504K, used 21459K [0x00000000d5580000, 0x00000000d6f80000, 0x0000000100000000)
  eden space 20480K, 100% used [0x00000000d5580000,0x00000000d6980000,0x00000000d6980000)
  from space 1024K, 95% used [0x00000000d6e80000,0x00000000d6f74e00,0x00000000d6f80000)
  to   space 1536K, 0% used [0x00000000d6c80000,0x00000000d6c80000,0x00000000d6e00000)
 ParOldGen       total 87552K, used 74094K [0x0000000080000000, 0x0000000085580000, 0x00000000d5580000)
  object space 87552K, 84% used [0x0000000080000000,0x000000008485bb28,0x0000000085580000)
 Metaspace       used 62093K, committed 63552K, reserved 1114112K
  class space    used 6629K, committed 7232K, reserved 1048576K
}
Event: 34.883 GC heap after
{Heap after GC invocations=70 (full 3):
 PSYoungGen      total 22016K, used 1392K [0x00000000d5580000, 0x00000000d6f00000, 0x0000000100000000)
  eden space 20480K, 0% used [0x00000000d5580000,0x00000000d5580000,0x00000000d6980000)
  from space 1536K, 90% used [0x00000000d6c80000,0x00000000d6ddc040,0x00000000d6e00000)
  to   space 1024K, 0% used [0x00000000d6e00000,0x00000000d6e00000,0x00000000d6f00000)
 ParOldGen       total 87552K, used 74376K [0x0000000080000000, 0x0000000085580000, 0x00000000d5580000)
  object space 87552K, 84% used [0x0000000080000000,0x00000000848a2218,0x0000000085580000)
 Metaspace       used 62093K, committed 63552K, reserved 1114112K
  class space    used 6629K, committed 7232K, reserved 1048576K
}

